<?xml version="1.0" encoding="UTF-8"?>
<testsuite xmlns:xsi="http://www.w3.org/2001/XMLSchema-instance" xsi:noNamespaceSchemaLocation="https://maven.apache.org/surefire/maven-surefire-plugin/xsd/surefire-test-report-3.0.xsd" version="3.0" name="com.example.LoginPageTest" time="3.766" tests="11" errors="0" skipped="0" failures="0">
  <properties>
[...]
</properties>
  <testcase name="testPageNavigation" classname="com.example.LoginPageTest" time="1.112"/>
  <testcase name="testUsernameWithWhitespace" classname="com.example.LoginPageTest" time="0.041"/>
  <testcase name="testFailedLogin" classname="com.example.LoginPageTest" time="0.251"/>
  <testcase name="testPasswordWithWhitespace" classname="com.example.LoginPageTest" time="0.028"/>
  <testcase name="testSuccessfulLogin" classname="com.example.LoginPageTest" time="0.233"/>
  <testcase name="testElementReadiness" classname="com.example.LoginPageTest" time="0.055"/>
  <testcase name="testIndividualFieldOperations" classname="com.example.LoginPageTest" time="0.222"/>
  <testcase name="testFieldValidation" classname="com.example.LoginPageTest" time="0.025"/>
  <testcase name="testPageLoadWaiting" classname="com.example.LoginPageTest" time="0.524"/>
  <testcase name="testClearFields" classname="com.example.LoginPageTest" time="0.1"/>
  <testcase name="testErrorHandlingForMissingElements" classname="com.example.LoginPageTest" time="0.056"/>
</testsuite>